
Showing logs for build [32mcb-kubecd-environment-pr-197-17-w48qr-1[0m stage [32mfrom-build-pack[0m and container [32mstep-credential-initializer-hdt2s[0m
{"level":"warn","ts":1586307769.848207,"logger":"fallback-logger","caller":"logging/config.go:69","msg":"Fetch GitHub commit ID from kodata failed: \"ref: refs/heads/0.8.0-**-support-backwards-incompats\" is not a valid GitHub commit ID"}
{"level":"info","ts":1586307769.848831,"logger":"fallback-logger","caller":"creds-init/main.go:40","msg":"Credentials initialized."}

Showing logs for build [32mcb-kubecd-environment-pr-197-17-w48qr-1[0m stage [32mfrom-build-pack[0m and container [32mstep-working-dir-initializer-mvp67[0m
{"level":"warn","ts":1586307770.8065403,"logger":"fallback-logger","caller":"logging/config.go:69","msg":"Fetch GitHub commit ID from kodata failed: open /var/run/ko/HEAD: no such file or directory"}
{"level":"info","ts":1586307770.808124,"logger":"fallback-logger","caller":"bash/main.go:64","msg":"Successfully executed command \"sh -c mkdir -p /workspace/source\"; output "}

Showing logs for build [32mcb-kubecd-environment-pr-197-17-w48qr-1[0m stage [32mfrom-build-pack[0m and container [32mstep-place-tools[0m

Showing logs for build [32mcb-kubecd-environment-pr-197-17-w48qr-1[0m stage [32mfrom-build-pack[0m and container [32mstep-git-source-cb-kubecd-environment-pr-197-17-w48qr-crqbh[0m
{"level":"warn","ts":1586307774.8605766,"logger":"fallback-logger","caller":"logging/config.go:69","msg":"Fetch GitHub commit ID from kodata failed: \"ref: refs/heads/0.8.0-**-support-backwards-incompats\" is not a valid GitHub commit ID"}
{"level":"info","ts":1586307775.9082282,"logger":"fallback-logger","caller":"git/git.go:103","msg":"Successfully cloned https://github.com/cb-kubecd/environment-pr-197-17-boot-gke-staging.git @ master in path /workspace/source"}

Showing logs for build [32mcb-kubecd-environment-pr-197-17-w48qr-1[0m stage [32mfrom-build-pack[0m and container [32mstep-git-merge[0m
Using SHAs from PULL_REFS=master:89411416cdbe9bbf5c8885c627f8570f0bea3f15,3:ed116f305e6dc847c8e5b628032ba29212cde540
DEBUG: JX_LOG_LEVEL=error LC_ALL=C git fetch origin --unshallow ed116f305e6dc847c8e5b628032ba29212cde540: 89411416cdbe9bbf5c8885c627f8570f0bea3f15:
DEBUG: ran git fetch --unshallow origin ed116f305e6dc847c8e5b628032ba29212cde540: 89411416cdbe9bbf5c8885c627f8570f0bea3f15: in 
DEBUG: LC_ALL=C JX_LOG_LEVEL=error git branch
DEBUG: LC_ALL=C JX_LOG_LEVEL=error git checkout master
DEBUG: ran git checkout master in 
DEBUG: LC_ALL=C JX_LOG_LEVEL=error git reset --hard 89411416cdbe9bbf5c8885c627f8570f0bea3f15
DEBUG: ran git reset --hard 89411416cdbe9bbf5c8885c627f8570f0bea3f15 in 
DEBUG: LC_ALL=C JX_LOG_LEVEL=error git clean -fd .
DEBUG: ran clean --force -d . in 
DEBUG: LC_ALL=C JX_LOG_LEVEL=error git merge ed116f305e6dc847c8e5b628032ba29212cde540
DEBUG: ran git merge ed116f305e6dc847c8e5b628032ba29212cde540 in 
DEBUG: LC_ALL=C JX_LOG_LEVEL=error git log --format=%H%x1f%an%x1f%ae%x1f%cn%x1f%ce%x1f%s%n%b%x1e 89411416cdbe9bbf5c8885c627f8570f0bea3f15..HEAD
Merged SHA ed116f305e6dc847c8e5b628032ba29212cde540 with commit message 'chore: Promote bdd-nh-1586306610 to version 0.0.1' into base branch master

Showing logs for build [32mcb-kubecd-environment-pr-197-17-w48qr-1[0m stage [32mfrom-build-pack[0m and container [32mstep-build-helm-build[0m
WARNING: No $CHART_REPOSITORY defined so using the default value of: http://jenkins-x-chartmuseum:8080
Adding missing Helm repo: storage.googleapis.com https://storage.googleapis.com/chartmuseum.jenkins-x.io
WARNING: No secrets found on "helm/repos" due: reading the secret "helm/repos" from vault: no secret "helm/repos" not found in vault
Read credentials for https://storage.googleapis.com/chartmuseum.jenkins-x.io from vault helm/repos
Successfully added Helm repository storage.googleapis.com.
Adding missing Helm repo: jenkins-x-chartmuseum http://jenkins-x-chartmuseum:8080
WARNING: No secrets found on "helm/repos" due: reading the secret "helm/repos" from vault: no secret "helm/repos" not found in vault
Read credentials for http://jenkins-x-chartmuseum:8080 from vault helm/repos
Successfully added Helm repository jenkins-x-chartmuseum.
WARNING: No $CHART_REPOSITORY defined so using the default value of: http://jenkins-x-chartmuseum:8080
Adding missing Helm repo: chartmuseum.jenkins-x.io http://chartmuseum.jenkins-x.io
WARNING: No secrets found on "helm/repos" due: reading the secret "helm/repos" from vault: no secret "helm/repos" not found in vault
Read credentials for http://chartmuseum.jenkins-x.io from vault helm/repos
Successfully added Helm repository chartmuseum.jenkins-x.io.
