
Showing logs for build [32mcb-kubecd-environment-pr-197-17-4zsbt-1[0m stage [32mfrom-build-pack[0m and container [32mstep-credential-initializer-jlq9n[0m
{"level":"warn","ts":1586309609.9559383,"logger":"fallback-logger","caller":"logging/config.go:69","msg":"Fetch GitHub commit ID from kodata failed: \"ref: refs/heads/0.8.0-**-support-backwards-incompats\" is not a valid GitHub commit ID"}
{"level":"info","ts":1586309609.9569552,"logger":"fallback-logger","caller":"creds-init/main.go:40","msg":"Credentials initialized."}

Showing logs for build [32mcb-kubecd-environment-pr-197-17-4zsbt-1[0m stage [32mfrom-build-pack[0m and container [32mstep-working-dir-initializer-sm7km[0m
{"level":"warn","ts":1586309610.9330888,"logger":"fallback-logger","caller":"logging/config.go:69","msg":"Fetch GitHub commit ID from kodata failed: open /var/run/ko/HEAD: no such file or directory"}
{"level":"info","ts":1586309610.9346578,"logger":"fallback-logger","caller":"bash/main.go:64","msg":"Successfully executed command \"sh -c mkdir -p /workspace/source\"; output "}

Showing logs for build [32mcb-kubecd-environment-pr-197-17-4zsbt-1[0m stage [32mfrom-build-pack[0m and container [32mstep-place-tools[0m

Showing logs for build [32mcb-kubecd-environment-pr-197-17-4zsbt-1[0m stage [32mfrom-build-pack[0m and container [32mstep-git-source-cb-kubecd-environment-pr-197-17-4zsbt-gfqdl[0m
{"level":"warn","ts":1586309616.1326268,"logger":"fallback-logger","caller":"logging/config.go:69","msg":"Fetch GitHub commit ID from kodata failed: \"ref: refs/heads/0.8.0-**-support-backwards-incompats\" is not a valid GitHub commit ID"}
{"level":"info","ts":1586309617.1680477,"logger":"fallback-logger","caller":"git/git.go:103","msg":"Successfully cloned https://github.com/cb-kubecd/environment-pr-197-17-boot-gke-staging.git @ master in path /workspace/source"}

Showing logs for build [32mcb-kubecd-environment-pr-197-17-4zsbt-1[0m stage [32mfrom-build-pack[0m and container [32mstep-git-merge[0m
Using SHAs from PULL_REFS=master:46b9fac3ef5e97a483fc1ab4b22b6a09e6f0dc09,6:4d5a4e27954d69b0aed988cfd76700eb55f714f8
DEBUG: LC_ALL=C JX_LOG_LEVEL=error git fetch origin --unshallow 4d5a4e27954d69b0aed988cfd76700eb55f714f8: 46b9fac3ef5e97a483fc1ab4b22b6a09e6f0dc09:
DEBUG: ran git fetch --unshallow origin 4d5a4e27954d69b0aed988cfd76700eb55f714f8: 46b9fac3ef5e97a483fc1ab4b22b6a09e6f0dc09: in 
DEBUG: JX_LOG_LEVEL=error LC_ALL=C git branch
DEBUG: LC_ALL=C JX_LOG_LEVEL=error git checkout master
DEBUG: ran git checkout master in 
DEBUG: JX_LOG_LEVEL=error LC_ALL=C git reset --hard 46b9fac3ef5e97a483fc1ab4b22b6a09e6f0dc09
DEBUG: ran git reset --hard 46b9fac3ef5e97a483fc1ab4b22b6a09e6f0dc09 in 
DEBUG: LC_ALL=C JX_LOG_LEVEL=error git clean -fd .
DEBUG: ran clean --force -d . in 
DEBUG: LC_ALL=C JX_LOG_LEVEL=error git merge 4d5a4e27954d69b0aed988cfd76700eb55f714f8
DEBUG: ran git merge 4d5a4e27954d69b0aed988cfd76700eb55f714f8 in 
DEBUG: LC_ALL=C JX_LOG_LEVEL=error git log --format=%H%x1f%an%x1f%ae%x1f%cn%x1f%ce%x1f%s%n%b%x1e 46b9fac3ef5e97a483fc1ab4b22b6a09e6f0dc09..HEAD
Merged SHA 4d5a4e27954d69b0aed988cfd76700eb55f714f8 with commit message 'chore: Promote bdd-ghf**y-import-1586308776 to version 0.0.1' into base branch master

Showing logs for build [32mcb-kubecd-environment-pr-197-17-4zsbt-1[0m stage [32mfrom-build-pack[0m and container [32mstep-build-helm-build[0m
WARNING: No $CHART_REPOSITORY defined so using the default value of: http://jenkins-x-chartmuseum:8080
Adding missing Helm repo: storage.googleapis.com https://storage.googleapis.com/chartmuseum.jenkins-x.io
WARNING: No secrets found on "helm/repos" due: reading the secret "helm/repos" from vault: no secret "helm/repos" not found in vault
Read credentials for https://storage.googleapis.com/chartmuseum.jenkins-x.io from vault helm/repos
Successfully added Helm repository storage.googleapis.com.
Adding missing Helm repo: jenkins-x-chartmuseum http://jenkins-x-chartmuseum:8080
WARNING: No secrets found on "helm/repos" due: reading the secret "helm/repos" from vault: no secret "helm/repos" not found in vault
Read credentials for http://jenkins-x-chartmuseum:8080 from vault helm/repos
Successfully added Helm repository jenkins-x-chartmuseum.
WARNING: No $CHART_REPOSITORY defined so using the default value of: http://jenkins-x-chartmuseum:8080
Adding missing Helm repo: chartmuseum.jenkins-x.io http://chartmuseum.jenkins-x.io
WARNING: No secrets found on "helm/repos" due: reading the secret "helm/repos" from vault: no secret "helm/repos" not found in vault
Read credentials for http://chartmuseum.jenkins-x.io from vault helm/repos
Successfully added Helm repository chartmuseum.jenkins-x.io.
